\BOOKMARK [1][-]{section.1}{\376\377\000I\000n\000t\000r\000o\000d\000u\000c\000t\000i\000o\000n}{}% 1
\BOOKMARK [1][-]{section.2}{\376\377\000M\000o\000d\000\350\000l\000e\000\040\000\340\000\040\000u\000n\000\040\000s\000e\000u\000l\000\040\000p\000o\000o\000l\000\040\000d\000e\000\040\000M\000O}{}% 2
\BOOKMARK [2][-]{subsection.2.1}{\376\377\000D\000e\000s\000c\000r\000i\000p\000t\000i\000o\000n\000\040\000d\000u\000\040\000m\000o\000d\000\350\000l\000e}{section.2}% 3
\BOOKMARK [2][-]{subsection.2.2}{\376\377\000S\000i\000m\000u\000l\000a\000t\000i\000o\000n\000\040\000d\000e\000\040\000r\000\351\000f\000\351\000r\000e\000n\000c\000e}{section.2}% 4
\BOOKMARK [2][-]{subsection.2.3}{\376\377\000T\000e\000s\000t\000s\000\040\000d\000e\000\040\000s\000e\000n\000s\000i\000t\000i\000v\000i\000t\000\351}{section.2}% 5
\BOOKMARK [3][-]{subsubsection.2.3.1}{\376\377\000T\000e\000s\000t\000\040\0001}{subsection.2.3}% 6
\BOOKMARK [3][-]{subsubsection.2.3.2}{\376\377\000T\000e\000s\000t\000\040\0002}{subsection.2.3}% 7
\BOOKMARK [3][-]{subsubsection.2.3.3}{\376\377\000T\000e\000s\000t\000\040\0003}{subsection.2.3}% 8
\BOOKMARK [3][-]{subsubsection.2.3.4}{\376\377\000T\000e\000s\000t\000\040\0004}{subsection.2.3}% 9
\BOOKMARK [3][-]{subsubsection.2.3.5}{\376\377\000T\000e\000s\000t\000\040\0005}{subsection.2.3}% 10
\BOOKMARK [3][-]{subsubsection.2.3.6}{\376\377\000T\000e\000s\000t\000\040\0006}{subsection.2.3}% 11
\BOOKMARK [2][-]{subsection.2.4}{\376\377\000C\000o\000n\000c\000l\000u\000s\000i\000o\000n}{section.2}% 12
\BOOKMARK [1][-]{section.3}{\376\377\000M\000o\000d\000\350\000l\000e\000\040\000\340\000\040\000u\000n\000\040\000p\000l\000u\000s\000i\000e\000u\000r\000s\000\040\000p\000o\000o\000l\000s\000\040\000d\000e\000\040\000M\000O}{}% 13
\BOOKMARK [2][-]{subsection.3.1}{\376\377\000D\000e\000s\000c\000r\000i\000p\000t\000i\000o\000n\000\040\000d\000u\000\040\000m\000o\000d\000\350\000l\000e}{section.3}% 14
\BOOKMARK [2][-]{subsection.3.2}{\376\377\000S\000i\000m\000u\000l\000a\000t\000i\000o\000n\000\040\000d\000e\000\040\000r\000\351\000f\000\351\000r\000e\000n\000c\000e}{section.3}% 15
\BOOKMARK [2][-]{subsection.3.3}{\376\377\000T\000e\000s\000t\000s\000\040\000d\000e\000\040\000s\000e\000n\000s\000i\000t\000i\000v\000i\000t\000\351}{section.3}% 16
\BOOKMARK [3][-]{subsubsection.3.3.1}{\376\377\000T\000e\000s\000t\000\040\0001}{subsection.3.3}% 17
\BOOKMARK [3][-]{subsubsection.3.3.2}{\376\377\000T\000e\000s\000t\000\040\0002}{subsection.3.3}% 18
\BOOKMARK [3][-]{subsubsection.3.3.3}{\376\377\000T\000e\000s\000t\000\040\0003}{subsection.3.3}% 19
\BOOKMARK [3][-]{subsubsection.3.3.4}{\376\377\000T\000e\000s\000t\000\040\0004}{subsection.3.3}% 20
\BOOKMARK [3][-]{subsubsection.3.3.5}{\376\377\000T\000e\000s\000t\000\040\0005}{subsection.3.3}% 21
\BOOKMARK [2][-]{subsection.3.4}{\376\377\000C\000o\000n\000c\000l\000u\000s\000i\000o\000n}{section.3}% 22
